;  LST file generated by mikroListExporter - v.2.0 
; Date/Time: 13.02.2025 14:06:26
;----------------------------------------------

;Address Opcode 	ASM
0x0000	0x000000040200  	GOTO	_main
0x0004	0x000000  	0
0x0006	0x000000  	0
0x0008	0x000000  	0
0x000A	0x000000  	0
0x000C	0x000000  	0
0x000E	0x000000  	0
0x0010	0x000000  	0
0x0012	0x000000  	0
0x0014	0x000000  	0
0x0016	0x000000  	0
0x0018	0x000000  	0
0x001A	0x000000  	0
0x001C	0x000000  	0
0x001E	0x000000  	0
0x0020	0x000000  	0
0x0022	0x000000  	0
0x0024	0x000000  	0
0x0026	0x000000  	0
0x0028	0x000000  	0
0x002A	0x000000  	0
0x002C	0x000000  	0
0x002E	0x000000  	0
0x0030	0x000000  	0
0x0032	0x000000  	0
0x0034	0x000000  	0
0x0036	0x000000  	0
0x0038	0x000000  	0
0x003A	0x000000  	0
0x003C	0x000000  	0
0x003E	0x000000  	0
0x0040	0x000000  	0
0x0042	0x000000  	0
0x0044	0x000000  	0
0x0046	0x000000  	0
0x0048	0x000000  	0
0x004A	0x000000  	0
0x004C	0x000000  	0
0x004E	0x000000  	0
0x0050	0x000000  	0
0x0052	0x000000  	0
0x0054	0x000000  	0
0x0056	0x000000  	0
0x0058	0x000000  	0
0x005A	0x000000  	0
0x005C	0x000000  	0
0x005E	0x000000  	0
0x0060	0x000000  	0
0x0062	0x000000  	0
0x0064	0x000000  	0
0x0066	0x000000  	0
0x0068	0x000000  	0
0x006A	0x000000  	0
0x006C	0x000000  	0
0x006E	0x000000  	0
0x0070	0x000000  	0
0x0072	0x000000  	0
0x0074	0x000000  	0
0x0076	0x000000  	0
0x0078	0x000000  	0
0x007A	0x000000  	0
0x007C	0x000000  	0
0x007E	0x000000  	0
0x0080	0x000000  	0
0x0082	0x000000  	0
0x0084	0x000000  	0
0x0086	0x000000  	0
0x0088	0x000000  	0
0x008A	0x000000  	0
0x008C	0x000000  	0
0x008E	0x000000  	0
0x0090	0x000000  	0
0x0092	0x000000  	0
0x0094	0x000000  	0
0x0096	0x000000  	0
0x0098	0x000000  	0
0x009A	0x000000  	0
0x009C	0x000000  	0
0x009E	0x000000  	0
0x00A0	0x000000  	0
0x00A2	0x000000  	0
0x00A4	0x000000  	0
0x00A6	0x000000  	0
0x00A8	0x000000  	0
0x00AA	0x000000  	0
0x00AC	0x000000  	0
0x00AE	0x000000  	0
0x00B0	0x000000  	0
0x00B2	0x000000  	0
0x00B4	0x000000  	0
0x00B6	0x000000  	0
0x00B8	0x000000  	0
0x00BA	0x000000  	0
0x00BC	0x000000  	0
0x00BE	0x000000  	0
0x00C0	0x000000  	0
0x00C2	0x000000  	0
0x00C4	0x000000  	0
0x00C6	0x000000  	0
0x00C8	0x000000  	0
0x00CA	0x000000  	0
0x00CC	0x000000  	0
0x00CE	0x000000  	0
0x00D0	0x000000  	0
0x00D2	0x000000  	0
0x00D4	0x000000  	0
0x00D6	0x000000  	0
0x00D8	0x000000  	0
0x00DA	0x000000  	0
0x00DC	0x000000  	0
0x00DE	0x000000  	0
0x00E0	0x000000  	0
0x00E2	0x000000  	0
0x00E4	0x000000  	0
0x00E6	0x000000  	0
0x00E8	0x000000  	0
0x00EA	0x000000  	0
0x00EC	0x000000  	0
0x00EE	0x000000  	0
0x00F0	0x000000  	0
0x00F2	0x000000  	0
0x00F4	0x000000  	0
0x00F6	0x000000  	0
0x00F8	0x000000  	0
0x00FA	0x000000  	0
0x00FC	0x000000  	0
0x00FE	0x000000  	0
0x0100	0x000000  	0
0x0102	0x000000  	0
0x0104	0x000000  	0
0x0106	0x000000  	0
0x0108	0x000000  	0
0x010A	0x000000  	0
0x010C	0x000000  	0
0x010E	0x000000  	0
0x0110	0x000000  	0
0x0112	0x000000  	0
0x0114	0x000000  	0
0x0116	0x000000  	0
0x0118	0x000000  	0
0x011A	0x000000  	0
0x011C	0x000000  	0
0x011E	0x000000  	0
0x0120	0x000000  	0
0x0122	0x000000  	0
0x0124	0x000000  	0
0x0126	0x000000  	0
0x0128	0x000000  	0
0x012A	0x000000  	0
0x012C	0x000000  	0
0x012E	0x000000  	0
0x0130	0x000000  	0
0x0132	0x000000  	0
0x0134	0x000000  	0
0x0136	0x000000  	0
0x0138	0x000000  	0
0x013A	0x000000  	0
0x013C	0x000000  	0
0x013E	0x000000  	0
0x0140	0x000000  	0
0x0142	0x000000  	0
0x0144	0x000000  	0
0x0146	0x000000  	0
0x0148	0x000000  	0
0x014A	0x000000  	0
0x014C	0x000000  	0
0x014E	0x000000  	0
0x0150	0x000000  	0
0x0152	0x000000  	0
0x0154	0x000000  	0
0x0156	0x000000  	0
0x0158	0x000000  	0
0x015A	0x000000  	0
0x015C	0x000000  	0
0x015E	0x000000  	0
0x0160	0x000000  	0
0x0162	0x000000  	0
0x0164	0x000000  	0
0x0166	0x000000  	0
0x0168	0x000000  	0
0x016A	0x000000  	0
0x016C	0x000000  	0
0x016E	0x000000  	0
0x0170	0x000000  	0
0x0172	0x000000  	0
0x0174	0x000000  	0
0x0176	0x000000  	0
0x0178	0x000000  	0
0x017A	0x000000  	0
0x017C	0x000000  	0
0x017E	0x000000  	0
0x0180	0x000000  	0
0x0182	0x000000  	0
0x0184	0x000000  	0
0x0186	0x000000  	0
0x0188	0x000000  	0
0x018A	0x000000  	0
0x018C	0x000000  	0
0x018E	0x000000  	0
0x0190	0x000000  	0
0x0192	0x000000  	0
0x0194	0x000000  	0
0x0196	0x000000  	0
0x0198	0x000000  	0
0x019A	0x000000  	0
0x019C	0x000000  	0
0x019E	0x000000  	0
0x01A0	0x000000  	0
0x01A2	0x000000  	0
0x01A4	0x000000  	0
0x01A6	0x000000  	0
0x01A8	0x000000  	0
0x01AA	0x000000  	0
0x01AC	0x000000  	0
0x01AE	0x000000  	0
0x01B0	0x000000  	0
0x01B2	0x000000  	0
0x01B4	0x000000  	0
0x01B6	0x000000  	0
0x01B8	0x000000  	0
0x01BA	0x000000  	0
0x01BC	0x000000  	0
0x01BE	0x000000  	0
0x01C0	0x000000  	0
0x01C2	0x000000  	0
0x01C4	0x000000  	0
0x01C6	0x000000  	0
0x01C8	0x000000  	0
0x01CA	0x000000  	0
0x01CC	0x000000  	0
0x01CE	0x000000  	0
0x01D0	0x000000  	0
0x01D2	0x000000  	0
0x01D4	0x000000  	0
0x01D6	0x000000  	0
0x01D8	0x000000  	0
0x01DA	0x000000  	0
0x01DC	0x000000  	0
0x01DE	0x000000  	0
0x01E0	0x000000  	0
0x01E2	0x000000  	0
0x01E4	0x000000  	0
0x01E6	0x000000  	0
0x01E8	0x000000  	0
0x01EA	0x000000  	0
0x01EC	0x000000  	0
0x01EE	0x000000  	0
0x01F0	0x000000  	0
0x01F2	0x000000  	0
0x01F4	0x000000  	0
0x01F6	0x000000  	0
0x01F8	0x000000  	0
0x01FA	0x000000  	0
0x01FC	0x000000  	0
0x01FE	0x000000  	0
_main:
0x0200	0x21000F  	MOV	#4096, W15
0x0202	0x27FFF0  	MOV	#32767, W0
0x0204	0xB7A020  	MOV	WREG, SPLIM
0x0206	0x202010  	MOV	#513, W0
0x0208	0xB7A032  	MOV	WREG, DSRPAG
0x020A	0x200040  	MOV	#4, W0
0x020C	0xB72044  	IOR	CORCON
0x020E	0xFA0002  	LNK	#2
;t1.c,1 :: 		void main() {
;t1.c,4 :: 		ANSELG = 0x0000;  // PORTG'yi dijital olarak ayarla
0x0210	0xEF2E6E  	CLR	ANSELG
;t1.c,5 :: 		TRISG = 0x0000;   // PORTG'yi çikis olarak ayarla
0x0212	0xEF2E60  	CLR	TRISG
;t1.c,6 :: 		LATG = 0x0000;    // Baslangiçta tüm LED'leri kapat
0x0214	0xEF2E64  	CLR	LATG
;t1.c,10 :: 		ANSELA = 0x0000;
0x0216	0xEF2E0E  	CLR	ANSELA
;t1.c,11 :: 		TRISA = 0x0000;
0x0218	0xEF2E00  	CLR	TRISA
;t1.c,12 :: 		LATA= 0x0000;
0x021A	0xEF2E04  	CLR	LATA
;t1.c,14 :: 		ANSELC = 0x0000;
0x021C	0xEF2E2E  	CLR	ANSELC
;t1.c,15 :: 		TRISC = 0x0000;
0x021E	0xEF2E20  	CLR	TRISC
;t1.c,16 :: 		LATC= 0x0000;
0x0220	0xEF2E24  	CLR	LATC
;t1.c,18 :: 		ANSELB=0X0000;
0x0222	0xEF2E1E  	CLR	ANSELB
;t1.c,19 :: 		TRISB=0X000;
0x0224	0xEF2E10  	CLR	TRISB
;t1.c,20 :: 		LATB=0X000;
0x0226	0xEF2E14  	CLR	LATB
;t1.c,22 :: 		ANSELD=0X0000;
0x0228	0xEF2E3E  	CLR	ANSELD
;t1.c,23 :: 		TRISD=0X000;
0x022A	0xEF2E30  	CLR	TRISD
;t1.c,24 :: 		LATD=0X000;
0x022C	0xEF2E34  	CLR	LATD
;t1.c,26 :: 		while(1) {
L_main0:
;t1.c,28 :: 		for(i = 0; i < 16; i++) {
0x022E	0xEF2000  	CLR	W0
0x0230	0x980700  	MOV	W0, [W14+0]
L_main2:
0x0232	0x90000E  	MOV	[W14+0], W0
0x0234	0xE10070  	CP	W0, #16
0x0236	0x3D0013  	BRA GE	L_main3
L__main17:
;t1.c,29 :: 		LATG = LATG | (1 << i);  // i. biti 1 yap (LED'i yak)
0x0238	0x200010  	MOV	#1, W0
0x023A	0x90010E  	MOV	[W14+0], W2
0x023C	0xDD0082  	SL	W0, W2, W1
0x023E	0x20E640  	MOV	#lo_addr(LATG), W0
0x0240	0x708810  	IOR	W1, [W0], [W0]
;t1.c,30 :: 		Delay_ms(50);  // 500ms bekle
0x0242	0x2000B8  	MOV	#11, W8
0x0244	0x2AE657  	MOV	#44645, W7
L_main5:
0x0246	0xED200E  	DEC	W7
0x0248	0x3AFFFE  	BRA NZ	L_main5
0x024A	0xED2010  	DEC	W8
0x024C	0x3AFFFC  	BRA NZ	L_main5
0x024E	0x000000  	NOP
0x0250	0x000000  	NOP
0x0252	0x000000  	NOP
0x0254	0x000000  	NOP
;t1.c,28 :: 		for(i = 0; i < 16; i++) {
0x0256	0x200011  	MOV	#1, W1
0x0258	0x470060  	ADD	W14, #0, W0
0x025A	0x408810  	ADD	W1, [W0], [W0]
;t1.c,31 :: 		}
0x025C	0x37FFEA  	BRA	L_main2
L_main3:
;t1.c,33 :: 		Delay_ms(500);  // 2 saniye bekle (Tüm LED'ler yanik)
0x025E	0x2006B8  	MOV	#107, W8
0x0260	0x2CFFF7  	MOV	#53247, W7
L_main7:
0x0262	0xED200E  	DEC	W7
0x0264	0x3AFFFE  	BRA NZ	L_main7
0x0266	0xED2010  	DEC	W8
0x0268	0x3AFFFC  	BRA NZ	L_main7
0x026A	0x000000  	NOP
0x026C	0x000000  	NOP
;t1.c,36 :: 		for(i = 0; i < 16; i++) {
0x026E	0xEF2000  	CLR	W0
0x0270	0x980700  	MOV	W0, [W14+0]
L_main9:
0x0272	0x90000E  	MOV	[W14+0], W0
0x0274	0xE10070  	CP	W0, #16
0x0276	0x3D0014  	BRA GE	L_main10
L__main18:
;t1.c,37 :: 		LATG = LATG & ~(1 << i); // i. biti 0 yap (LED'i söndür)
0x0278	0x200010  	MOV	#1, W0
0x027A	0x90010E  	MOV	[W14+0], W2
0x027C	0xDD0002  	SL	W0, W2, W0
0x027E	0xEA8080  	COM	W0, W1
0x0280	0x20E640  	MOV	#lo_addr(LATG), W0
0x0282	0x608810  	AND	W1, [W0], [W0]
;t1.c,38 :: 		Delay_ms(50);  // 500ms bekle
0x0284	0x2000B8  	MOV	#11, W8
0x0286	0x2AE657  	MOV	#44645, W7
L_main12:
0x0288	0xED200E  	DEC	W7
0x028A	0x3AFFFE  	BRA NZ	L_main12
0x028C	0xED2010  	DEC	W8
0x028E	0x3AFFFC  	BRA NZ	L_main12
0x0290	0x000000  	NOP
0x0292	0x000000  	NOP
0x0294	0x000000  	NOP
0x0296	0x000000  	NOP
;t1.c,36 :: 		for(i = 0; i < 16; i++) {
0x0298	0x200011  	MOV	#1, W1
0x029A	0x470060  	ADD	W14, #0, W0
0x029C	0x408810  	ADD	W1, [W0], [W0]
;t1.c,39 :: 		}
0x029E	0x37FFE9  	BRA	L_main9
L_main10:
;t1.c,41 :: 		Delay_ms(500);  // 2 saniye bekle (Tüm LED'ler kapali)
0x02A0	0x2006B8  	MOV	#107, W8
0x02A2	0x2CFFF7  	MOV	#53247, W7
L_main14:
0x02A4	0xED200E  	DEC	W7
0x02A6	0x3AFFFE  	BRA NZ	L_main14
0x02A8	0xED2010  	DEC	W8
0x02AA	0x3AFFFC  	BRA NZ	L_main14
0x02AC	0x000000  	NOP
0x02AE	0x000000  	NOP
;t1.c,42 :: 		}
0x02B0	0x37FFBE  	BRA	L_main0
;t1.c,43 :: 		}
L_end_main:
0x02B2	0xFA8000  	ULNK
L__main_end_loop:
0x02B4	0x37FFFF  	BRA	L__main_end_loop
; end of _main
Symbol List:
//** Routines locations **
//ADDRESS    SIZE    PROCEDURE
//----------------------------------------------
0x0200     [182]    _main
//** Variables locations ** 
//ADDRESS    SIZE    VARIABLE
//----------------------------------------------
0x0E10       [2]    TRISB
0x0E1E       [2]    ANSELB
0x0E24       [2]    LATC
0x0E14       [2]    LATB
0x0E34       [2]    LATD
0x0E30       [2]    TRISD
0x0E3E       [2]    ANSELD
0x0E20       [2]    TRISC
0x0E64       [2]    LATG
0x0E60       [2]    TRISG
0x0E6E       [2]    ANSELG
0x0E0E       [2]    ANSELA
0x0E2E       [2]    ANSELC
0x0E04       [2]    LATA
0x0E00       [2]    TRISA
0x0E00       [2]    TRISA
0x0E04       [2]    LATA
0x0E0E       [2]    ANSELA
0x0E10       [2]    TRISB
0x0E14       [2]    LATB
0x0E1E       [2]    ANSELB
0x0E20       [2]    TRISC
0x0E24       [2]    LATC
0x0E2E       [2]    ANSELC
0x0E30       [2]    TRISD
0x0E34       [2]    LATD
0x0E3E       [2]    ANSELD
0x0E60       [2]    TRISG
0x0E64       [2]    LATG
0x0E6E       [2]    ANSELG
